<?xml version="1.0" encoding="UTF-8"?>
<!-- Generated by org.testng.reporters.JUnitXMLReporter -->
<testsuite hostname="DESKTOP-P1OSIHU" failures="0" tests="3" name="Default test" time="203.756" errors="0" timestamp="21 May 2021 10:07:24 GMT">
  <testcase classname="com.hackerrank.qa.testcases.ProfilePageTest" name="FillIntro" time="38.185"/>
  <testcase classname="com.hackerrank.qa.testcases.ProfilePageTest" name="FillIntro" time="33.282"/>
  <testcase classname="com.hackerrank.qa.testcases.ProfilePageTest" name="FillIntro" time="25.489"/>
</testsuite> <!-- Default test -->
