<?xml version="1.0" encoding="UTF-8"?>
<!-- Generated by org.testng.reporters.JUnitXMLReporter -->
<testsuite hostname="DESKTOP-P1OSIHU" failures="0" tests="3" name="Test" time="69.206" errors="0" timestamp="21 May 2021 13:22:31 GMT">
  <testcase classname="com.hackerrank.qa.testcases.LoginPageTest" name="loginTest" time="0.655"/>
  <testcase classname="com.hackerrank.qa.testcases.DashBoardPageTest" name="verifyUserNameLabel" time="5.481"/>
  <testcase classname="com.hackerrank.qa.testcases.LeaderBoardPageTest" name="CountrySelection" time="10.125"/>
</testsuite> <!-- Test -->
