<?xml version="1.0" encoding="UTF-8"?>
<testng-results total="3" passed="3" failed="0" skipped="0">
  <reporter-output>
  </reporter-output>
  <suite started-at="2021-05-21T13:21:21Z" name="Suite" finished-at="2021-05-21T13:22:30Z" duration-ms="69206">
    <groups>
    </groups>
    <test started-at="2021-05-21T13:21:21Z" name="Test" finished-at="2021-05-21T13:22:30Z" duration-ms="69206">
      <class name="com.hackerrank.qa.testcases.LoginPageTest">
        <test-method is-config="true" signature="SetUp()[pri:0, instance:com.hackerrank.qa.testcases.LoginPageTest@6e509ffa]" started-at="2021-05-21T18:51:21Z" name="SetUp" finished-at="2021-05-21T18:51:37Z" duration-ms="16439" status="PASS">
          <reporter-output>
          </reporter-output>
        </test-method> <!-- SetUp -->
        <test-method signature="loginTest()[pri:0, instance:com.hackerrank.qa.testcases.LoginPageTest@6e509ffa]" started-at="2021-05-21T18:51:37Z" name="loginTest" finished-at="2021-05-21T18:51:38Z" duration-ms="655" status="PASS">
          <reporter-output>
          </reporter-output>
        </test-method> <!-- loginTest -->
        <test-method is-config="true" signature="tearDown()[pri:0, instance:com.hackerrank.qa.testcases.LoginPageTest@6e509ffa]" started-at="2021-05-21T18:51:38Z" name="tearDown" finished-at="2021-05-21T18:51:39Z" duration-ms="1178" status="PASS">
          <reporter-output>
          </reporter-output>
        </test-method> <!-- tearDown -->
      </class> <!-- com.hackerrank.qa.testcases.LoginPageTest -->
      <class name="com.hackerrank.qa.testcases.DashBoardPageTest">
        <test-method is-config="true" signature="SetUp()[pri:0, instance:com.hackerrank.qa.testcases.DashBoardPageTest@394a2528]" started-at="2021-05-21T18:51:39Z" name="SetUp" finished-at="2021-05-21T18:51:53Z" duration-ms="14075" status="PASS">
          <reporter-output>
          </reporter-output>
        </test-method> <!-- SetUp -->
        <test-method signature="verifyUserNameLabel()[pri:0, instance:com.hackerrank.qa.testcases.DashBoardPageTest@394a2528]" started-at="2021-05-21T18:51:53Z" name="verifyUserNameLabel" finished-at="2021-05-21T18:51:59Z" duration-ms="5481" status="PASS">
          <reporter-output>
          </reporter-output>
        </test-method> <!-- verifyUserNameLabel -->
        <test-method is-config="true" signature="tearDown()[pri:0, instance:com.hackerrank.qa.testcases.DashBoardPageTest@394a2528]" started-at="2021-05-21T18:51:59Z" name="tearDown" finished-at="2021-05-21T18:51:59Z" duration-ms="891" status="PASS">
          <reporter-output>
          </reporter-output>
        </test-method> <!-- tearDown -->
      </class> <!-- com.hackerrank.qa.testcases.DashBoardPageTest -->
      <class name="com.hackerrank.qa.testcases.LeaderBoardPageTest">
        <test-method is-config="true" signature="SetUp()[pri:0, instance:com.hackerrank.qa.testcases.LeaderBoardPageTest@6236eb5f]" started-at="2021-05-21T18:51:59Z" name="SetUp" finished-at="2021-05-21T18:52:18Z" duration-ms="19002" status="PASS">
          <reporter-output>
          </reporter-output>
        </test-method> <!-- SetUp -->
        <test-method signature="CountrySelection()[pri:0, instance:com.hackerrank.qa.testcases.LeaderBoardPageTest@6236eb5f]" started-at="2021-05-21T18:52:18Z" name="CountrySelection" finished-at="2021-05-21T18:52:29Z" duration-ms="10125" status="PASS">
          <reporter-output>
          </reporter-output>
        </test-method> <!-- CountrySelection -->
        <test-method is-config="true" signature="tearDown()[pri:0, instance:com.hackerrank.qa.testcases.LeaderBoardPageTest@6236eb5f]" started-at="2021-05-21T18:52:29Z" name="tearDown" finished-at="2021-05-21T18:52:30Z" duration-ms="1295" status="PASS">
          <reporter-output>
          </reporter-output>
        </test-method> <!-- tearDown -->
      </class> <!-- com.hackerrank.qa.testcases.LeaderBoardPageTest -->
    </test> <!-- Test -->
  </suite> <!-- Suite -->
</testng-results>
